2020-15-07 10:51:08   INFO [iosTest.loginTest] : AC passed
2020-15-07 10:51:10   INFO [iosTest.loginTest] : Driver is tearDown
2020-15-07 10:58:40   INFO [iosTest.loginTest] : Driver is tearDown
2020-15-07 10:59:49   INFO [iosTest.loginTest] : Driver is tearDown
2020-15-07 11:02:22   INFO [iosTest.loginTest] : AC passed
2020-15-07 11:02:24   INFO [iosTest.loginTest] : Driver is tearDown
2020-15-07 11:04:56   INFO [libs.ActionsWithOurElements] : Element [[AndroidDriver:  on LINUX (99ea607c-88dd-4f2d-9d49-18befa645e6b)] -> xpath: //*[@text='CLOSE']] was clicked
2020-15-07 11:05:32   INFO [iosTest.loginTest] : AC passed
2020-15-07 11:05:35   INFO [iosTest.loginTest] : Driver is tearDown
2020-15-07 11:16:10   INFO [libs.ActionsWithOurElements] : Element [[AndroidDriver:  on LINUX (03b07614-6492-4713-8c97-af07aeb4548e)] -> xpath: //*[@text='CLOSE']] was clicked
2020-15-07 11:16:12   INFO [libs.ActionsWithOurElements] : Element [[AndroidDriver:  on LINUX (03b07614-6492-4713-8c97-af07aeb4548e)] -> xpath: //*[@text='Log in']] was clicked
2020-15-07 11:16:12   INFO [libs.ActionsWithOurElements] : Text aezlogz@gmail.com [[AndroidDriver:  on LINUX (03b07614-6492-4713-8c97-af07aeb4548e)] -> xpath: //*[@text='Email']] was entered
2020-15-07 11:16:14   INFO [libs.ActionsWithOurElements] : Text 1n91EfUV [[AndroidDriver:  on LINUX (03b07614-6492-4713-8c97-af07aeb4548e)] -> xpath: //*[@text='Password']] was entered
2020-15-07 11:16:15   INFO [libs.ActionsWithOurElements] : Element [[AndroidDriver:  on LINUX (03b07614-6492-4713-8c97-af07aeb4548e)] -> xpath: //*[@text='Log in']] was clicked
2020-15-07 11:16:34   INFO [libs.ActionsWithOurElements] : Element [[AndroidDriver:  on LINUX (03b07614-6492-4713-8c97-af07aeb4548e)] -> xpath: //*[@text='While using the app']] was clicked
2020-15-07 11:16:36   INFO [libs.ActionsWithOurElements] : Element [[AndroidDriver:  on LINUX (03b07614-6492-4713-8c97-af07aeb4548e)] -> xpath: //*[@text='Deny']] was clicked
2020-15-07 11:16:37   INFO [libs.ActionsWithOurElements] : Element [[AndroidDriver:  on LINUX (03b07614-6492-4713-8c97-af07aeb4548e)] -> xpath: //*[@text='Deny']] was clicked
2020-15-07 11:16:43   INFO [libs.ActionsWithOurElements] : Element [[AndroidDriver:  on LINUX (03b07614-6492-4713-8c97-af07aeb4548e)] -> xpath: //*[@text='Logbook']] is enable
2020-15-07 11:16:44   INFO [iosTest.loginTest] : AC passed
2020-15-07 11:16:46   INFO [iosTest.loginTest] : Driver is tearDown
2020-15-07 11:35:02   INFO [iosTest.loginTest] : Android will be started
2020-15-07 11:35:48   INFO [libs.ActionsWithOurElements] : Element [[AndroidDriver:  on LINUX (c94735fb-953d-4adc-a92a-7a6e72eef2a2)] -> xpath: //*[@text='CLOSE']] was clicked
2020-15-07 11:35:49   INFO [libs.ActionsWithOurElements] : Element [[AndroidDriver:  on LINUX (c94735fb-953d-4adc-a92a-7a6e72eef2a2)] -> xpath: //*[@text='Log in']] was clicked
2020-15-07 11:35:51   INFO [libs.ActionsWithOurElements] : Text aezlogz@gmail.com [[AndroidDriver:  on LINUX (c94735fb-953d-4adc-a92a-7a6e72eef2a2)] -> xpath: //*[@text='Email']] was entered
2020-15-07 11:35:52   INFO [libs.ActionsWithOurElements] : Text 1n91EfUV [[AndroidDriver:  on LINUX (c94735fb-953d-4adc-a92a-7a6e72eef2a2)] -> xpath: //*[@text='Password']] was entered
2020-15-07 11:35:53   INFO [libs.ActionsWithOurElements] : Element [[AndroidDriver:  on LINUX (c94735fb-953d-4adc-a92a-7a6e72eef2a2)] -> xpath: //*[@text='Log in']] was clicked
2020-15-07 11:36:13   INFO [libs.ActionsWithOurElements] : Element [[AndroidDriver:  on LINUX (c94735fb-953d-4adc-a92a-7a6e72eef2a2)] -> xpath: //*[@text='While using the app']] was clicked
2020-15-07 11:36:15   INFO [libs.ActionsWithOurElements] : Element [[AndroidDriver:  on LINUX (c94735fb-953d-4adc-a92a-7a6e72eef2a2)] -> xpath: //*[@text='Deny']] was clicked
2020-15-07 11:36:16   INFO [libs.ActionsWithOurElements] : Element [[AndroidDriver:  on LINUX (c94735fb-953d-4adc-a92a-7a6e72eef2a2)] -> xpath: //*[@text='Deny']] was clicked
2020-15-07 11:36:21   INFO [libs.ActionsWithOurElements] : Element [[AndroidDriver:  on LINUX (c94735fb-953d-4adc-a92a-7a6e72eef2a2)] -> xpath: //*[@text='Logbook']] is enable
2020-15-07 11:36:22   INFO [iosTest.loginTest] : AC passed
2020-15-07 11:36:25   INFO [iosTest.loginTest] : Driver is tearDown
2020-15-07 11:51:24   INFO [iosTest.loginTest] : Android will be started
2020-15-07 12:18:18   INFO [iosTest.loginTest] : Android will be started
2020-15-07 12:19:06   INFO [libs.ActionsWithOurElements] : Element [[AndroidDriver:  on LINUX (15ca8afa-87f0-413c-aeac-f0e2544c4822)] -> xpath: //*[@text='CLOSE']] was clicked
2020-15-07 12:19:08   INFO [libs.ActionsWithOurElements] : Element [[AndroidDriver:  on LINUX (15ca8afa-87f0-413c-aeac-f0e2544c4822)] -> xpath: //*[@text='Log in']] was clicked
2020-15-07 12:19:08   INFO [libs.ActionsWithOurElements] : Text aezlogz@gmail.com [[AndroidDriver:  on LINUX (15ca8afa-87f0-413c-aeac-f0e2544c4822)] -> xpath: //*[@text='Email']] was entered
2020-15-07 12:19:09   INFO [libs.ActionsWithOurElements] : Text 1n91EfUV [[AndroidDriver:  on LINUX (15ca8afa-87f0-413c-aeac-f0e2544c4822)] -> xpath: //*[@text='Password']] was entered
2020-15-07 12:19:10   INFO [libs.ActionsWithOurElements] : Element [[AndroidDriver:  on LINUX (15ca8afa-87f0-413c-aeac-f0e2544c4822)] -> xpath: //*[@text='Log in']] was clicked
2020-15-07 12:19:29   INFO [libs.ActionsWithOurElements] : Element [[AndroidDriver:  on LINUX (15ca8afa-87f0-413c-aeac-f0e2544c4822)] -> xpath: //*[@text='While using the app']] was clicked
2020-15-07 12:19:31   INFO [libs.ActionsWithOurElements] : Element [[AndroidDriver:  on LINUX (15ca8afa-87f0-413c-aeac-f0e2544c4822)] -> xpath: //*[@text='Deny']] was clicked
2020-15-07 12:19:32   INFO [libs.ActionsWithOurElements] : Element [[AndroidDriver:  on LINUX (15ca8afa-87f0-413c-aeac-f0e2544c4822)] -> xpath: //*[@text='Deny']] was clicked
2020-15-07 12:19:37   INFO [libs.ActionsWithOurElements] : Element [[AndroidDriver:  on LINUX (15ca8afa-87f0-413c-aeac-f0e2544c4822)] -> xpath: //*[@text='Logbook']] is enable
2020-15-07 12:19:38   INFO [iosTest.loginTest] : AC passed
2020-15-07 12:19:40   INFO [iosTest.loginTest] : Driver is close
2020-22-07 15:33:03   INFO [iosTest.loginTest] : Android will be started
2020-22-07 15:48:49   INFO [iosTest.loginTest] : Android will be started
2020-22-07 15:49:51   INFO [iosTest.loginTest] : IOS will be started
2020-22-07 16:10:07   INFO [iosTest.loginTest] : IOS will be started
2020-22-07 16:11:50   INFO [iosTest.loginTest] : IOS will be started
2020-22-07 16:14:19   INFO [iosTest.loginTest] : IOS will be started
2020-22-07 16:15:26   INFO [iosTest.loginTest] : IOS will be started
2020-22-07 16:16:39   INFO [iosTest.loginTest] : Driver is close
2020-22-07 16:17:57   INFO [iosTest.loginTest] : IOS will be started
2020-22-07 16:19:09   INFO [iosTest.loginTest] : Driver is close
2020-22-07 16:21:00   INFO [iosTest.loginTest] : IOS will be started
2020-22-07 16:22:07   INFO [iosTest.loginTest] : IOS will be started
2020-22-07 16:23:00   INFO [iosTest.loginTest] : IOS will be started
2020-22-07 16:35:42   INFO [iosTest.loginTest] : IOS will be started
2020-22-07 16:36:25   INFO [libs.ActionsWithOurElements] : Element [[IOSDriver:  on MAC (96cb6ddf-8276-42c1-a34f-6891e0ae3320)] -> xpath: //XCUIElementTypeStaticText[@name='Log in']] was clicked
2020-22-07 16:36:31  ERROR [libs.ActionsWithOurElements] : Cannot work with element org.openqa.selenium.InvalidElementStateException: Error Domain=com.facebook.WebDriverAgent Code=1 "The on-screen keyboard must be present to send keys" UserInfo={NSLocalizedDescription=The on-screen keyboard must be present to send keys}
Build info: version: '3.141.59', revision: 'e82be7d358', time: '2018-11-14T08:17:03'
System info: host: 'Elenas-MacBook.local', ip: '127.0.0.1', os.name: 'Mac OS X', os.arch: 'x86_64', os.version: '10.15.2', java.version: '1.8.0_261'
Driver info: io.appium.java_client.ios.IOSDriver
Capabilities {app: Users/liuda/Library/Develop..., browserName: , databaseEnabled: false, deviceName: iPhone 8, javascriptEnabled: true, locationContextEnabled: false, networkConnectionEnabled: false, platform: MAC, platformName: MAC, platformVersion: 13.6, takesScreenshot: true, udid: 0BBFA384-0DCF-4417-B9E6-F7E..., webStorageEnabled: false}
Session ID: 96cb6ddf-8276-42c1-a34f-6891e0ae3320
2020-22-07 16:36:33   INFO [iosTest.loginTest] : Driver is close
2020-23-07 13:27:22   INFO [iosTest.loginTest] : IOS will be started
2020-23-07 13:27:22   INFO [iosTest.loginTest] : platformVersion is null
2020-23-07 14:59:36   INFO [iosTest.loginTest] : IOS will be started
2020-23-07 15:00:19   INFO [libs.ActionsWithOurElements] : Element [[IOSDriver:  on MAC (f044c705-9dcb-44c0-a76b-e9981d31ea40)] -> xpath: //XCUIElementTypeStaticText[@name='Log in']] was clicked
2020-23-07 15:00:26  ERROR [libs.ActionsWithOurElements] : Cannot work with element org.openqa.selenium.InvalidElementStateException: Error Domain=com.facebook.WebDriverAgent Code=1 "The on-screen keyboard must be present to send keys" UserInfo={NSLocalizedDescription=The on-screen keyboard must be present to send keys}
Build info: version: '3.141.59', revision: 'e82be7d358', time: '2018-11-14T08:17:03'
System info: host: 'Elenas-MacBook.local', ip: '127.0.0.1', os.name: 'Mac OS X', os.arch: 'x86_64', os.version: '10.15.2', java.version: '1.8.0_261'
Driver info: io.appium.java_client.ios.IOSDriver
Capabilities {NoReset: true, app: Users/liuda/Library/Develop..., browserName: , databaseEnabled: false, deviceName: iPhone 8, javascriptEnabled: true, locationContextEnabled: false, networkConnectionEnabled: false, platform: MAC, platformName: MAC, platformVersion: 13.6, takesScreenshot: true, udid: 0BBFA384-0DCF-4417-B9E6-F7E..., webStorageEnabled: false}
Session ID: f044c705-9dcb-44c0-a76b-e9981d31ea40
2020-23-07 15:00:27   INFO [iosTest.loginTest] : Driver is close
2020-23-07 15:25:48   INFO [iosTest.loginTest] : IOS will be started
2020-23-07 15:26:36   INFO [libs.ActionsWithOurElements] : Element [[IOSDriver:  on MAC (e1cf7ef9-dffe-42e8-8bdc-8dcd4166a97b)] -> xpath: //XCUIElementTypeStaticText[@name='Log in']] was clicked
2020-23-07 15:26:42  ERROR [libs.ActionsWithOurElements] : Cannot work with element org.openqa.selenium.InvalidElementStateException: Error Domain=com.facebook.WebDriverAgent Code=1 "The on-screen keyboard must be present to send keys" UserInfo={NSLocalizedDescription=The on-screen keyboard must be present to send keys}
Build info: version: '3.141.59', revision: 'e82be7d358', time: '2018-11-14T08:17:03'
System info: host: 'Elenas-MacBook.local', ip: '192.168.88.145', os.name: 'Mac OS X', os.arch: 'x86_64', os.version: '10.15.2', java.version: '1.8.0_261'
Driver info: io.appium.java_client.ios.IOSDriver
Capabilities {NoReset: true, app: Users/liuda/Library/Develop..., browserName: , databaseEnabled: false, deviceName: iPhone 8, javascriptEnabled: true, locationContextEnabled: false, networkConnectionEnabled: false, platform: MAC, platformName: MAC, platformVersion: 13.6, takesScreenshot: true, udid: 0BBFA384-0DCF-4417-B9E6-F7E..., webStorageEnabled: false}
Session ID: e1cf7ef9-dffe-42e8-8bdc-8dcd4166a97b
2020-23-07 15:26:43   INFO [iosTest.loginTest] : Driver is close
2020-23-07 15:50:35   INFO [iosTest.loginTest] : IOS will be started
2020-23-07 15:51:23   INFO [iosTest.loginTest] : Driver is close
2020-23-07 15:54:08   INFO [iosTest.loginTest] : IOS will be started
2020-23-07 15:54:50   INFO [libs.ActionsWithOurElements] : Element [[IOSDriver:  on MAC (e518411f-9508-4fd7-b7ad-d1f1b24841dc)] -> xpath: //XCUIElementTypeStaticText[@name='Log in']] was clicked
2020-23-07 15:54:57  ERROR [libs.ActionsWithOurElements] : Cannot work with element org.openqa.selenium.InvalidElementStateException: Error Domain=com.facebook.WebDriverAgent Code=1 "The on-screen keyboard must be present to send keys" UserInfo={NSLocalizedDescription=The on-screen keyboard must be present to send keys}
Build info: version: '3.141.59', revision: 'e82be7d358', time: '2018-11-14T08:17:03'
System info: host: 'Elenas-MacBook.local', ip: '127.0.0.1', os.name: 'Mac OS X', os.arch: 'x86_64', os.version: '10.15.2', java.version: '1.8.0_261'
Driver info: io.appium.java_client.ios.IOSDriver
Capabilities {NoReset: true, app: Users/liuda/Library/Develop..., browserName: , databaseEnabled: false, deviceName: iPhone 8, javascriptEnabled: true, locationContextEnabled: false, networkConnectionEnabled: false, platform: MAC, platformName: MAC, platformVersion: 13.6, takesScreenshot: true, udid: 0BBFA384-0DCF-4417-B9E6-F7E..., webStorageEnabled: false}
Session ID: e518411f-9508-4fd7-b7ad-d1f1b24841dc
2020-23-07 15:54:58   INFO [iosTest.loginTest] : Driver is close
